\BOOKMARK [0][-]{chapter.1}{Introduction}{}% 1
\BOOKMARK [1][-]{section.1.1}{What is LaTeX?}{chapter.1}% 2
\BOOKMARK [1][-]{section.1.2}{Why Use LaTeX?}{chapter.1}% 3
\BOOKMARK [1][-]{section.1.3}{Possible Reasons Not To Use LaTeX}{chapter.1}% 4
\BOOKMARK [1][-]{section.1.4}{Where to Find LaTeX?}{chapter.1}% 5
\BOOKMARK [0][-]{chapter.2}{Creating Your Source File}{}% 6
\BOOKMARK [1][-]{section.2.1}{Description of Source File\(s\)}{chapter.2}% 7
\BOOKMARK [1][-]{section.2.2}{Organizing Your Source File}{chapter.2}% 8
\BOOKMARK [1][-]{section.2.3}{Editing Your Source File}{chapter.2}% 9
\BOOKMARK [1][-]{section.2.4}{Parts of the Master Source File}{chapter.2}% 10
\BOOKMARK [2][-]{subsection.2.4.1}{Preamble}{section.2.4}% 11
\BOOKMARK [2][-]{subsection.2.4.2}{The Logical Document}{section.2.4}% 12
\BOOKMARK [0][-]{chapter.3}{Example LaTeX Commands for Typical Large Documents}{}% 13
\BOOKMARK [1][-]{section.3.1}{Selected Text Structures}{chapter.3}% 14
\BOOKMARK [2][-]{subsection.3.1.1}{Basic In-Line Commands}{section.3.1}% 15
\BOOKMARK [2][-]{subsection.3.1.2}{Chapters, Sections and Subsections}{section.3.1}% 16
\BOOKMARK [2][-]{subsection.3.1.3}{Displayed Text Structures}{section.3.1}% 17
\BOOKMARK [1][-]{section.3.2}{Cross-References}{chapter.3}% 18
\BOOKMARK [1][-]{section.3.3}{Text Fonts}{chapter.3}% 19
\BOOKMARK [2][-]{subsection.3.3.1}{Font Selection}{section.3.3}% 20
\BOOKMARK [2][-]{subsection.3.3.2}{Font Family, Series, and Shape Selection}{section.3.3}% 21
\BOOKMARK [2][-]{subsection.3.3.3}{Text Size}{section.3.3}% 22
\BOOKMARK [1][-]{section.3.4}{Figures}{chapter.3}% 23
\BOOKMARK [1][-]{section.3.5}{Tables}{chapter.3}% 24
\BOOKMARK [1][-]{section.3.6}{Math Structures}{chapter.3}% 25
\BOOKMARK [2][-]{subsection.3.6.1}{In-Line Math}{section.3.6}% 26
\BOOKMARK [2][-]{subsection.3.6.2}{Displayed Formulae}{section.3.6}% 27
\BOOKMARK [2][-]{subsection.3.6.3}{Numbered Equations}{section.3.6}% 28
\BOOKMARK [2][-]{subsection.3.6.4}{Equation Arrays}{section.3.6}% 29
\BOOKMARK [2][-]{subsection.3.6.5}{Math Fonts}{section.3.6}% 30
\BOOKMARK [1][-]{section.3.7}{Appendices}{chapter.3}% 31
\BOOKMARK [1][-]{section.3.8}{Bibliography}{chapter.3}% 32
\BOOKMARK [2][-]{subsection.3.8.1}{``By-Hand'' Method}{section.3.8}% 33
\BOOKMARK [2][-]{subsection.3.8.2}{Using BibTeX}{section.3.8}% 34
\BOOKMARK [1][-]{section.3.9}{Glossary}{chapter.3}% 35
\BOOKMARK [1][-]{section.3.10}{Index}{chapter.3}% 36
\BOOKMARK [2][-]{subsection.3.10.1}{``By-Hand'' Method}{section.3.10}% 37
\BOOKMARK [2][-]{subsection.3.10.2}{Using MakeIndex}{section.3.10}% 38
\BOOKMARK [0][-]{chapter.4}{Processing Your LaTeX Source Files Under Unix}{}% 39
\BOOKMARK [1][-]{section.4.1}{Running latex}{chapter.4}% 40
\BOOKMARK [1][-]{section.4.2}{Syntax Checking}{chapter.4}% 41
\BOOKMARK [1][-]{section.4.3}{Spell Checking}{chapter.4}% 42
\BOOKMARK [1][-]{section.4.4}{Previewing the Typeset Document}{chapter.4}% 43
\BOOKMARK [1][-]{section.4.5}{Printing}{chapter.4}% 44
\BOOKMARK [1][-]{section.4.6}{Creating Portable Document Format \(PDF\)}{chapter.4}% 45
\BOOKMARK [0][-]{appendix.A}{Sources of Information and Help}{}% 46
\BOOKMARK [0][-]{appendix.B}{Glossary of Terms}{}% 47
